[debug] [2020-10-07T08:29:32.090Z] ----------------------------------------------------------------------
[debug] [2020-10-07T08:29:32.092Z] Command:       D:\Nodejs\node.exe C:\Users\Ibtid\AppData\Roaming\npm\node_modules\firebase-tools\lib\bin\firebase.js emulators:start
[debug] [2020-10-07T08:29:32.092Z] CLI Version:   8.11.2
[debug] [2020-10-07T08:29:32.092Z] Platform:      win32
[debug] [2020-10-07T08:29:32.092Z] Node Version:  v12.19.0
[debug] [2020-10-07T08:29:32.096Z] Time:          Wed Oct 07 2020 14:29:32 GMT+0600 (Bangladesh Standard Time)
[debug] [2020-10-07T08:29:32.097Z] ----------------------------------------------------------------------
[debug] [2020-10-07T08:29:32.097Z] 
[debug] [2020-10-07T08:29:32.117Z] > command requires scopes: ["email","openid","https://www.googleapis.com/auth/cloudplatformprojects.readonly","https://www.googleapis.com/auth/firebase","https://www.googleapis.com/auth/cloud-platform"]
[debug] [2020-10-07T08:29:32.117Z] > authorizing via signed-in user
[info] i  emulators: Starting emulators: functions, hosting {"metadata":{"emulator":{"name":"hub"},"message":"Starting emulators: functions, hosting"}}
[debug] [2020-10-07T08:29:32.136Z] [hub] writing locator at C:\Users\Ibtid\AppData\Local\Temp\hub-e-clone-596cb.json
[warn] !  functions: The following emulators are not running, calls to these services from the Functions emulator will affect production: auth, firestore, database, pubsub {"metadata":{"emulator":{"name":"functions"},"message":"The following emulators are not running, calls to these services from the Functions emulator will affect production: \u001b[1mauth, firestore, database, pubsub\u001b[22m"}}
[warn] !  Your requested "node" version "10" doesn't match your global version "12" {"metadata":{"emulator":{"name":"functions"},"message":"Your requested \"node\" version \"10\" doesn't match your global version \"12\""}}
[debug] [2020-10-07T08:29:32.176Z] defaultcredentials: writing to file C:\Users\Ibtid\AppData\Roaming\firebase\ibtid011_gmail_com_application_default_credentials.json
[debug] [2020-10-07T08:29:32.183Z] Setting GAC to C:\Users\Ibtid\AppData\Roaming\firebase\ibtid011_gmail_com_application_default_credentials.json {"metadata":{"emulator":{"name":"functions"},"message":"Setting GAC to C:\\Users\\Ibtid\\AppData\\Roaming\\firebase\\ibtid011_gmail_com_application_default_credentials.json"}}
[debug] [2020-10-07T08:29:32.190Z] > refreshing access token with scopes: ["email","https://www.googleapis.com/auth/cloud-platform","https://www.googleapis.com/auth/cloudplatformprojects.readonly","https://www.googleapis.com/auth/firebase","openid"]
[debug] [2020-10-07T08:29:32.190Z] >>> HTTP REQUEST POST https://www.googleapis.com/oauth2/v3/token  
 <request body omitted>
[debug] [2020-10-07T08:29:32.429Z] <<< HTTP RESPONSE 200 {"content-type":"application/json; charset=utf-8","vary":"X-Origin, Referer, Origin,Accept-Encoding","date":"Wed, 07 Oct 2020 08:29:32 GMT","server":"scaffolding on HTTPServer2","cache-control":"private","x-xss-protection":"0","x-frame-options":"SAMEORIGIN","x-content-type-options":"nosniff","alt-svc":"h3-Q050=\":443\"; ma=2592000,h3-29=\":443\"; ma=2592000,h3-27=\":443\"; ma=2592000,h3-T051=\":443\"; ma=2592000,h3-T050=\":443\"; ma=2592000,h3-Q046=\":443\"; ma=2592000,h3-Q043=\":443\"; ma=2592000,quic=\":443\"; ma=2592000; v=\"46,43\"","accept-ranges":"none","transfer-encoding":"chunked"}
[debug] [2020-10-07T08:29:32.437Z] >>> HTTP REQUEST GET https://firebase.googleapis.com/v1beta1/projects/e-clone-596cb/webApps/-/config  
 
[debug] [2020-10-07T08:29:34.780Z] <<< HTTP RESPONSE 200 {"content-type":"application/json; charset=UTF-8","vary":"X-Origin, Referer, Origin,Accept-Encoding","date":"Wed, 07 Oct 2020 08:29:34 GMT","server":"ESF","cache-control":"private","x-xss-protection":"0","x-frame-options":"SAMEORIGIN","x-content-type-options":"nosniff","alt-svc":"h3-Q050=\":443\"; ma=2592000,h3-29=\":443\"; ma=2592000,h3-27=\":443\"; ma=2592000,h3-T051=\":443\"; ma=2592000,h3-T050=\":443\"; ma=2592000,h3-Q046=\":443\"; ma=2592000,h3-Q043=\":443\"; ma=2592000,quic=\":443\"; ma=2592000; v=\"46,43\"","accept-ranges":"none","transfer-encoding":"chunked"}
[info] i  hosting: Serving hosting files from: build {"metadata":{"emulator":{"name":"hosting"},"message":"Serving hosting files from: \u001b[1mbuild\u001b[22m"}}
[info] +  hosting: Local server: http://localhost:5000 {"metadata":{"emulator":{"name":"hosting"},"message":"Local server: \u001b[4m\u001b[1mhttp://localhost:5000\u001b[22m\u001b[24m"}}
[debug] [2020-10-07T08:29:34.828Z] Ignoring unsupported arg: auto_download {"metadata":{"emulator":{"name":"ui"},"message":"Ignoring unsupported arg: auto_download"}}
[debug] [2020-10-07T08:29:34.828Z] Ignoring unsupported arg: port {"metadata":{"emulator":{"name":"ui"},"message":"Ignoring unsupported arg: port"}}
[debug] [2020-10-07T08:29:34.829Z] Starting Emulator UI with command {"binary":"node","args":["C:\\Users\\Ibtid\\.cache\\firebase\\emulators\\ui-v1.1.1\\server.bundle.js"],"optionalArgs":[],"joinArgs":false} {"metadata":{"emulator":{"name":"ui"},"message":"Starting Emulator UI with command {\"binary\":\"node\",\"args\":[\"C:\\\\Users\\\\Ibtid\\\\.cache\\\\firebase\\\\emulators\\\\ui-v1.1.1\\\\server.bundle.js\"],\"optionalArgs\":[],\"joinArgs\":false}"}}
[info] i  ui: Emulator UI logging to ui-debug.log {"metadata":{"emulator":{"name":"ui"},"message":"Emulator UI logging to \u001b[1mui-debug.log\u001b[22m"}}
[debug] [2020-10-07T08:29:34.949Z] Web / API server started at http://localhost:4000
 {"metadata":{"emulator":{"name":"ui"},"message":"Web / API server started at http://localhost:4000\n"}}
[info] i  functions: Watching "D:\VS React\amazon-clone\functions" for Cloud Functions... {"metadata":{"emulator":{"name":"functions"},"message":"Watching \"D:\\VS React\\amazon-clone\\functions\" for Cloud Functions..."}}
[debug] [2020-10-07T08:29:35.139Z] [worker-pool] addWorker(~diagnostic~) {"metadata":{"emulator":{"name":"functions"},"message":"[worker-pool] addWorker(~diagnostic~)"}}
[debug] [2020-10-07T08:29:35.139Z] [worker-pool] Adding worker with key ~diagnostic~, total=1 {"metadata":{"emulator":{"name":"functions"},"message":"[worker-pool] Adding worker with key ~diagnostic~, total=1"}}
[debug] [2020-10-07T08:29:35.140Z] [worker-pool] submitWork(triggerId=) {"metadata":{"emulator":{"name":"functions"},"message":"[worker-pool] submitWork(triggerId=)"}}
[debug] [2020-10-07T08:29:35.142Z] [worker-~diagnostic~-024d5820-ac0f-4efb-9d80-bebe10899eb7]: Assigning socketPath: \\?\pipe\D:\VS React\amazon-clone\functions\21740 {"metadata":{"emulator":{"name":"functions"},"message":"[worker-~diagnostic~-024d5820-ac0f-4efb-9d80-bebe10899eb7]: Assigning socketPath: \\\\?\\pipe\\D:\\VS React\\amazon-clone\\functions\\21740"}}
[debug] [2020-10-07T08:29:35.143Z] [worker-~diagnostic~-024d5820-ac0f-4efb-9d80-bebe10899eb7]: BUSY {"metadata":{"emulator":{"name":"functions"},"message":"[worker-~diagnostic~-024d5820-ac0f-4efb-9d80-bebe10899eb7]: BUSY"}}
[debug] [2020-10-07T08:29:35.556Z] [runtime-status] [21740] Functions runtime initialized. {"cwd":"D:\\VS React\\amazon-clone\\functions","node_version":"12.19.0"} {"metadata":{"emulator":{"name":"functions"},"message":"[runtime-status] [21740] Functions runtime initialized. {\"cwd\":\"D:\\\\VS React\\\\amazon-clone\\\\functions\",\"node_version\":\"12.19.0\"}"}}
[debug] [2020-10-07T08:29:35.557Z] [runtime-status] [21740] Disabled runtime features: undefined {"metadata":{"emulator":{"name":"functions"},"message":"[runtime-status] [21740] Disabled runtime features: undefined"}}
[debug] [2020-10-07T08:29:35.560Z] [runtime-status] [21740] Resolved module firebase-admin {"declared":true,"installed":true,"version":"8.13.0","resolution":"D:\\VS React\\amazon-clone\\functions\\node_modules\\firebase-admin\\lib\\index.js"} {"metadata":{"emulator":{"name":"functions"},"message":"[runtime-status] [21740] Resolved module firebase-admin {\"declared\":true,\"installed\":true,\"version\":\"8.13.0\",\"resolution\":\"D:\\\\VS React\\\\amazon-clone\\\\functions\\\\node_modules\\\\firebase-admin\\\\lib\\\\index.js\"}"}}
[debug] [2020-10-07T08:29:35.563Z] [runtime-status] [21740] Resolved module firebase-functions {"declared":true,"installed":true,"version":"3.11.0","resolution":"D:\\VS React\\amazon-clone\\functions\\node_modules\\firebase-functions\\lib\\index.js"} {"metadata":{"emulator":{"name":"functions"},"message":"[runtime-status] [21740] Resolved module firebase-functions {\"declared\":true,\"installed\":true,\"version\":\"3.11.0\",\"resolution\":\"D:\\\\VS React\\\\amazon-clone\\\\functions\\\\node_modules\\\\firebase-functions\\\\lib\\\\index.js\"}"}}
[debug] [2020-10-07T08:29:35.564Z] [runtime-status] [21740] Resolved module firebase-functions {"declared":true,"installed":true,"version":"3.11.0","resolution":"D:\\VS React\\amazon-clone\\functions\\node_modules\\firebase-functions\\lib\\index.js"} {"metadata":{"emulator":{"name":"functions"},"message":"[runtime-status] [21740] Resolved module firebase-functions {\"declared\":true,\"installed\":true,\"version\":\"3.11.0\",\"resolution\":\"D:\\\\VS React\\\\amazon-clone\\\\functions\\\\node_modules\\\\firebase-functions\\\\lib\\\\index.js\"}"}}
[debug] [2020-10-07T08:29:35.566Z] [runtime-status] [21740] Outgoing network have been stubbed. [{"name":"http","status":"mocked"},{"name":"http","status":"mocked"},{"name":"https","status":"mocked"},{"name":"https","status":"mocked"},{"name":"net","status":"mocked"}] {"metadata":{"emulator":{"name":"functions"},"message":"[runtime-status] [21740] Outgoing network have been stubbed. [{\"name\":\"http\",\"status\":\"mocked\"},{\"name\":\"http\",\"status\":\"mocked\"},{\"name\":\"https\",\"status\":\"mocked\"},{\"name\":\"https\",\"status\":\"mocked\"},{\"name\":\"net\",\"status\":\"mocked\"}]"}}
[debug] [2020-10-07T08:29:35.566Z] [runtime-status] [21740] Resolved module firebase-functions {"declared":true,"installed":true,"version":"3.11.0","resolution":"D:\\VS React\\amazon-clone\\functions\\node_modules\\firebase-functions\\lib\\index.js"} {"metadata":{"emulator":{"name":"functions"},"message":"[runtime-status] [21740] Resolved module firebase-functions {\"declared\":true,\"installed\":true,\"version\":\"3.11.0\",\"resolution\":\"D:\\\\VS React\\\\amazon-clone\\\\functions\\\\node_modules\\\\firebase-functions\\\\lib\\\\index.js\"}"}}
[debug] [2020-10-07T08:29:35.606Z] [runtime-status] [21740] Checked functions.config() {"config":{}} {"metadata":{"emulator":{"name":"functions"},"message":"[runtime-status] [21740] Checked functions.config() {\"config\":{}}"}}
[debug] [2020-10-07T08:29:35.606Z] [runtime-status] [21740] firebase-functions has been stubbed. {"functionsResolution":{"declared":true,"installed":true,"version":"3.11.0","resolution":"D:\\VS React\\amazon-clone\\functions\\node_modules\\firebase-functions\\lib\\index.js"}} {"metadata":{"emulator":{"name":"functions"},"message":"[runtime-status] [21740] firebase-functions has been stubbed. {\"functionsResolution\":{\"declared\":true,\"installed\":true,\"version\":\"3.11.0\",\"resolution\":\"D:\\\\VS React\\\\amazon-clone\\\\functions\\\\node_modules\\\\firebase-functions\\\\lib\\\\index.js\"}}"}}
[debug] [2020-10-07T08:29:35.607Z] [runtime-status] [21740] Resolved module firebase-functions {"declared":true,"installed":true,"version":"3.11.0","resolution":"D:\\VS React\\amazon-clone\\functions\\node_modules\\firebase-functions\\lib\\index.js"} {"metadata":{"emulator":{"name":"functions"},"message":"[runtime-status] [21740] Resolved module firebase-functions {\"declared\":true,\"installed\":true,\"version\":\"3.11.0\",\"resolution\":\"D:\\\\VS React\\\\amazon-clone\\\\functions\\\\node_modules\\\\firebase-functions\\\\lib\\\\index.js\"}"}}
[debug] [2020-10-07T08:29:35.608Z] [runtime-status] [21740] Resolved module firebase-admin {"declared":true,"installed":true,"version":"8.13.0","resolution":"D:\\VS React\\amazon-clone\\functions\\node_modules\\firebase-admin\\lib\\index.js"} {"metadata":{"emulator":{"name":"functions"},"message":"[runtime-status] [21740] Resolved module firebase-admin {\"declared\":true,\"installed\":true,\"version\":\"8.13.0\",\"resolution\":\"D:\\\\VS React\\\\amazon-clone\\\\functions\\\\node_modules\\\\firebase-admin\\\\lib\\\\index.js\"}"}}
[debug] [2020-10-07T08:29:35.608Z] [runtime-status] [21740] Resolved module firebase-functions {"declared":true,"installed":true,"version":"3.11.0","resolution":"D:\\VS React\\amazon-clone\\functions\\node_modules\\firebase-functions\\lib\\index.js"} {"metadata":{"emulator":{"name":"functions"},"message":"[runtime-status] [21740] Resolved module firebase-functions {\"declared\":true,\"installed\":true,\"version\":\"3.11.0\",\"resolution\":\"D:\\\\VS React\\\\amazon-clone\\\\functions\\\\node_modules\\\\firebase-functions\\\\lib\\\\index.js\"}"}}
[debug] [2020-10-07T08:29:35.608Z] [runtime-status] [21740] firebase-admin has been stubbed. {"adminResolution":{"declared":true,"installed":true,"version":"8.13.0","resolution":"D:\\VS React\\amazon-clone\\functions\\node_modules\\firebase-admin\\lib\\index.js"}} {"metadata":{"emulator":{"name":"functions"},"message":"[runtime-status] [21740] firebase-admin has been stubbed. {\"adminResolution\":{\"declared\":true,\"installed\":true,\"version\":\"8.13.0\",\"resolution\":\"D:\\\\VS React\\\\amazon-clone\\\\functions\\\\node_modules\\\\firebase-admin\\\\lib\\\\index.js\"}}"}}
[info] +  functions[api]: http function initialized (http://localhost:5001/e-clone-596cb/us-central1/api). {"metadata":{"emulator":{"name":"functions"},"message":"\u001b[1mhttp\u001b[22m function initialized (http://localhost:5001/e-clone-596cb/us-central1/api)."}}
[info] 
┌───────────────────────────────────────────────────────────────────────┐
│ ✔  All emulators ready! View status and logs at http://localhost:4000 │
└───────────────────────────────────────────────────────────────────────┘

┌───────────┬────────────────┬─────────────────────────────────┐
│ Emulator  │ Host:Port      │ View in Emulator UI             │
├───────────┼────────────────┼─────────────────────────────────┤
│ Functions │ localhost:5001 │ http://localhost:4000/functions │
├───────────┼────────────────┼─────────────────────────────────┤
│ Hosting   │ localhost:5000 │ n/a                             │
└───────────┴────────────────┴─────────────────────────────────┘
  Other reserved ports: 4400, 4500

Issues? Report them at https://github.com/firebase/firebase-tools/issues and attach the *-debug.log files.
 
[debug] [2020-10-07T08:29:35.742Z] [worker-~diagnostic~-024d5820-ac0f-4efb-9d80-bebe10899eb7]: IDLE {"metadata":{"emulator":{"name":"functions"},"message":"[worker-~diagnostic~-024d5820-ac0f-4efb-9d80-bebe10899eb7]: IDLE"}}
[debug] [2020-10-07T08:39:56.483Z] [work-queue] {"queueLength":1,"workRunningCount":0}
[debug] [2020-10-07T08:39:56.483Z] [work-queue] {"queueLength":0,"workRunningCount":1}
[debug] [2020-10-07T08:39:56.483Z] Accepted request POST /e-clone-596cb/us-central1/api/payments/create?total=2999 --> api
[debug] [2020-10-07T08:39:56.487Z] [worker-pool] addWorker(api) {"metadata":{"emulator":{"name":"functions"},"message":"[worker-pool] addWorker(api)"}}
[debug] [2020-10-07T08:39:56.488Z] [worker-pool] Adding worker with key api, total=1 {"metadata":{"emulator":{"name":"functions"},"message":"[worker-pool] Adding worker with key api, total=1"}}
[debug] [2020-10-07T08:39:56.488Z] [worker-pool] submitWork(triggerId=api) {"metadata":{"emulator":{"name":"functions"},"message":"[worker-pool] submitWork(triggerId=api)"}}
[debug] [2020-10-07T08:39:56.488Z] [worker-api-afd735da-f0c5-4a3a-a0ec-fcb4574caf26]: Assigning socketPath: \\?\pipe\D:\VS React\amazon-clone\functions\27136 {"metadata":{"emulator":{"name":"functions"},"message":"[worker-api-afd735da-f0c5-4a3a-a0ec-fcb4574caf26]: Assigning socketPath: \\\\?\\pipe\\D:\\VS React\\amazon-clone\\functions\\27136"}}
[debug] [2020-10-07T08:39:56.488Z] [worker-api-afd735da-f0c5-4a3a-a0ec-fcb4574caf26]: BUSY {"metadata":{"emulator":{"name":"functions"},"message":"[worker-api-afd735da-f0c5-4a3a-a0ec-fcb4574caf26]: BUSY"}}
[debug] [2020-10-07T08:39:56.943Z] [runtime-status] [27136] Functions runtime initialized. {"cwd":"D:\\VS React\\amazon-clone\\functions","node_version":"12.19.0"} {"metadata":{"emulator":{"name":"functions"},"function":{"name":"api"},"message":"[runtime-status] [27136] Functions runtime initialized. {\"cwd\":\"D:\\\\VS React\\\\amazon-clone\\\\functions\",\"node_version\":\"12.19.0\"}"}}
[debug] [2020-10-07T08:39:56.946Z] [runtime-status] [27136] Disabled runtime features: undefined {"metadata":{"emulator":{"name":"functions"},"function":{"name":"api"},"message":"[runtime-status] [27136] Disabled runtime features: undefined"}}
[debug] [2020-10-07T08:39:56.952Z] [runtime-status] [27136] Resolved module firebase-admin {"declared":true,"installed":true,"version":"8.13.0","resolution":"D:\\VS React\\amazon-clone\\functions\\node_modules\\firebase-admin\\lib\\index.js"} {"metadata":{"emulator":{"name":"functions"},"function":{"name":"api"},"message":"[runtime-status] [27136] Resolved module firebase-admin {\"declared\":true,\"installed\":true,\"version\":\"8.13.0\",\"resolution\":\"D:\\\\VS React\\\\amazon-clone\\\\functions\\\\node_modules\\\\firebase-admin\\\\lib\\\\index.js\"}"}}
[debug] [2020-10-07T08:39:56.953Z] [runtime-status] [27136] Resolved module firebase-functions {"declared":true,"installed":true,"version":"3.11.0","resolution":"D:\\VS React\\amazon-clone\\functions\\node_modules\\firebase-functions\\lib\\index.js"} {"metadata":{"emulator":{"name":"functions"},"function":{"name":"api"},"message":"[runtime-status] [27136] Resolved module firebase-functions {\"declared\":true,\"installed\":true,\"version\":\"3.11.0\",\"resolution\":\"D:\\\\VS React\\\\amazon-clone\\\\functions\\\\node_modules\\\\firebase-functions\\\\lib\\\\index.js\"}"}}
[debug] [2020-10-07T08:39:56.954Z] [runtime-status] [27136] Resolved module firebase-functions {"declared":true,"installed":true,"version":"3.11.0","resolution":"D:\\VS React\\amazon-clone\\functions\\node_modules\\firebase-functions\\lib\\index.js"} {"metadata":{"emulator":{"name":"functions"},"function":{"name":"api"},"message":"[runtime-status] [27136] Resolved module firebase-functions {\"declared\":true,\"installed\":true,\"version\":\"3.11.0\",\"resolution\":\"D:\\\\VS React\\\\amazon-clone\\\\functions\\\\node_modules\\\\firebase-functions\\\\lib\\\\index.js\"}"}}
[debug] [2020-10-07T08:39:56.955Z] [runtime-status] [27136] Outgoing network have been stubbed. [{"name":"http","status":"mocked"},{"name":"http","status":"mocked"},{"name":"https","status":"mocked"},{"name":"https","status":"mocked"},{"name":"net","status":"mocked"}] {"metadata":{"emulator":{"name":"functions"},"function":{"name":"api"},"message":"[runtime-status] [27136] Outgoing network have been stubbed. [{\"name\":\"http\",\"status\":\"mocked\"},{\"name\":\"http\",\"status\":\"mocked\"},{\"name\":\"https\",\"status\":\"mocked\"},{\"name\":\"https\",\"status\":\"mocked\"},{\"name\":\"net\",\"status\":\"mocked\"}]"}}
[debug] [2020-10-07T08:39:56.956Z] [runtime-status] [27136] Resolved module firebase-functions {"declared":true,"installed":true,"version":"3.11.0","resolution":"D:\\VS React\\amazon-clone\\functions\\node_modules\\firebase-functions\\lib\\index.js"} {"metadata":{"emulator":{"name":"functions"},"function":{"name":"api"},"message":"[runtime-status] [27136] Resolved module firebase-functions {\"declared\":true,\"installed\":true,\"version\":\"3.11.0\",\"resolution\":\"D:\\\\VS React\\\\amazon-clone\\\\functions\\\\node_modules\\\\firebase-functions\\\\lib\\\\index.js\"}"}}
[debug] [2020-10-07T08:39:56.997Z] [runtime-status] [27136] Checked functions.config() {"config":{}} {"metadata":{"emulator":{"name":"functions"},"function":{"name":"api"},"message":"[runtime-status] [27136] Checked functions.config() {\"config\":{}}"}}
[debug] [2020-10-07T08:39:56.997Z] [runtime-status] [27136] firebase-functions has been stubbed. {"functionsResolution":{"declared":true,"installed":true,"version":"3.11.0","resolution":"D:\\VS React\\amazon-clone\\functions\\node_modules\\firebase-functions\\lib\\index.js"}} {"metadata":{"emulator":{"name":"functions"},"function":{"name":"api"},"message":"[runtime-status] [27136] firebase-functions has been stubbed. {\"functionsResolution\":{\"declared\":true,\"installed\":true,\"version\":\"3.11.0\",\"resolution\":\"D:\\\\VS React\\\\amazon-clone\\\\functions\\\\node_modules\\\\firebase-functions\\\\lib\\\\index.js\"}}"}}
[debug] [2020-10-07T08:39:56.997Z] [runtime-status] [27136] Resolved module firebase-functions {"declared":true,"installed":true,"version":"3.11.0","resolution":"D:\\VS React\\amazon-clone\\functions\\node_modules\\firebase-functions\\lib\\index.js"} {"metadata":{"emulator":{"name":"functions"},"function":{"name":"api"},"message":"[runtime-status] [27136] Resolved module firebase-functions {\"declared\":true,\"installed\":true,\"version\":\"3.11.0\",\"resolution\":\"D:\\\\VS React\\\\amazon-clone\\\\functions\\\\node_modules\\\\firebase-functions\\\\lib\\\\index.js\"}"}}
[debug] [2020-10-07T08:39:56.998Z] [runtime-status] [27136] Resolved module firebase-admin {"declared":true,"installed":true,"version":"8.13.0","resolution":"D:\\VS React\\amazon-clone\\functions\\node_modules\\firebase-admin\\lib\\index.js"} {"metadata":{"emulator":{"name":"functions"},"function":{"name":"api"},"message":"[runtime-status] [27136] Resolved module firebase-admin {\"declared\":true,\"installed\":true,\"version\":\"8.13.0\",\"resolution\":\"D:\\\\VS React\\\\amazon-clone\\\\functions\\\\node_modules\\\\firebase-admin\\\\lib\\\\index.js\"}"}}
[debug] [2020-10-07T08:39:56.999Z] [runtime-status] [27136] Resolved module firebase-functions {"declared":true,"installed":true,"version":"3.11.0","resolution":"D:\\VS React\\amazon-clone\\functions\\node_modules\\firebase-functions\\lib\\index.js"} {"metadata":{"emulator":{"name":"functions"},"function":{"name":"api"},"message":"[runtime-status] [27136] Resolved module firebase-functions {\"declared\":true,\"installed\":true,\"version\":\"3.11.0\",\"resolution\":\"D:\\\\VS React\\\\amazon-clone\\\\functions\\\\node_modules\\\\firebase-functions\\\\lib\\\\index.js\"}"}}
[debug] [2020-10-07T08:39:56.999Z] [runtime-status] [27136] firebase-admin has been stubbed. {"adminResolution":{"declared":true,"installed":true,"version":"8.13.0","resolution":"D:\\VS React\\amazon-clone\\functions\\node_modules\\firebase-admin\\lib\\index.js"}} {"metadata":{"emulator":{"name":"functions"},"function":{"name":"api"},"message":"[runtime-status] [27136] firebase-admin has been stubbed. {\"adminResolution\":{\"declared\":true,\"installed\":true,\"version\":\"8.13.0\",\"resolution\":\"D:\\\\VS React\\\\amazon-clone\\\\functions\\\\node_modules\\\\firebase-admin\\\\lib\\\\index.js\"}}"}}
[debug] [2020-10-07T08:39:57.136Z] [runtime-status] [27136] Trigger "api" has been found, beginning invocation! {"metadata":{"emulator":{"name":"functions"},"function":{"name":"api"},"message":"[runtime-status] [27136] Trigger \"api\" has been found, beginning invocation!"}}
[info] i  functions: Beginning execution of "api" {"metadata":{"emulator":{"name":"functions"},"function":{"name":"api"},"message":"Beginning execution of \"api\""}}
[debug] [2020-10-07T08:39:57.137Z] [runtime-status] [27136] triggerDefinition {"httpsTrigger":{},"name":"api","entryPoint":"api"} {"metadata":{"emulator":{"name":"functions"},"function":{"name":"api"},"message":"[runtime-status] [27136] triggerDefinition {\"httpsTrigger\":{},\"name\":\"api\",\"entryPoint\":\"api\"}"}}
[debug] [2020-10-07T08:39:57.137Z] [runtime-status] [27136] Running api in mode HTTPS {"metadata":{"emulator":{"name":"functions"},"function":{"name":"api"},"message":"[runtime-status] [27136] Running api in mode HTTPS"}}
[debug] [2020-10-07T08:39:57.140Z] [runtime-status] [27136] Attempting to listen to socketPath: \\?\pipe\D:\VS React\amazon-clone\functions\27136 {"metadata":{"emulator":{"name":"functions"},"function":{"name":"api"},"message":"[runtime-status] [27136] Attempting to listen to socketPath: \\\\?\\pipe\\D:\\VS React\\amazon-clone\\functions\\27136"}}
[debug] [2020-10-07T08:39:57.143Z] [functions] Runtime ready! Sending request! {"metadata":{"emulator":{"name":"functions"},"message":"[functions] Runtime ready! Sending request!"}}
[debug] [2020-10-07T08:39:57.150Z] [runtime-status] [27136] Ephemeral server handling POST request {"metadata":{"emulator":{"name":"functions"},"function":{"name":"api"},"message":"[runtime-status] [27136] Ephemeral server handling POST request"}}
[info] >  payment 2999 {"user":"payment 2999","metadata":{"emulator":{"name":"functions"},"function":{"name":"api"},"message":"\u001b[90m> \u001b[39m payment 2999"}}
[debug] [2020-10-07T08:39:57.161Z] [runtime-status] [27136] Ephemeral server survived. {"metadata":{"emulator":{"name":"functions"},"function":{"name":"api"},"message":"[runtime-status] [27136] Ephemeral server survived."}}
[info] i  functions: Finished "api" in ~1s {"metadata":{"emulator":{"name":"functions"},"function":{"name":"api"},"message":"Finished \"api\" in ~1s"}}
[debug] [2020-10-07T08:39:57.873Z] [worker-api-afd735da-f0c5-4a3a-a0ec-fcb4574caf26]: IDLE {"metadata":{"emulator":{"name":"functions"},"message":"[worker-api-afd735da-f0c5-4a3a-a0ec-fcb4574caf26]: IDLE"}}
[debug] [2020-10-07T08:39:57.874Z] [work-queue] {"queueLength":0,"workRunningCount":0}
[debug] [2020-10-07T08:40:10.160Z] [work-queue] {"queueLength":1,"workRunningCount":0}
[debug] [2020-10-07T08:40:10.161Z] [work-queue] {"queueLength":0,"workRunningCount":1}
[debug] [2020-10-07T08:40:10.161Z] Accepted request POST /e-clone-596cb/us-central1/api/payments/create?total=0 --> api
[debug] [2020-10-07T08:40:10.161Z] [worker-pool] submitWork(triggerId=api) {"metadata":{"emulator":{"name":"functions"},"message":"[worker-pool] submitWork(triggerId=api)"}}
[debug] [2020-10-07T08:40:10.161Z] [worker-api-afd735da-f0c5-4a3a-a0ec-fcb4574caf26]: Assigning socketPath: \\?\pipe\D:\VS React\amazon-clone\functions\27136 {"metadata":{"emulator":{"name":"functions"},"message":"[worker-api-afd735da-f0c5-4a3a-a0ec-fcb4574caf26]: Assigning socketPath: \\\\?\\pipe\\D:\\VS React\\amazon-clone\\functions\\27136"}}
[debug] [2020-10-07T08:40:10.161Z] [worker-api-afd735da-f0c5-4a3a-a0ec-fcb4574caf26]: BUSY {"metadata":{"emulator":{"name":"functions"},"message":"[worker-api-afd735da-f0c5-4a3a-a0ec-fcb4574caf26]: BUSY"}}
[debug] [2020-10-07T08:40:10.162Z] [runtime-status] [27136] Trigger "api" has been found, beginning invocation! {"metadata":{"emulator":{"name":"functions"},"function":{"name":"api"},"message":"[runtime-status] [27136] Trigger \"api\" has been found, beginning invocation!"}}
[info] i  functions: Beginning execution of "api" {"metadata":{"emulator":{"name":"functions"},"function":{"name":"api"},"message":"Beginning execution of \"api\""}}
[debug] [2020-10-07T08:40:10.164Z] [runtime-status] [27136] triggerDefinition {"httpsTrigger":{},"name":"api","entryPoint":"api"} {"metadata":{"emulator":{"name":"functions"},"function":{"name":"api"},"message":"[runtime-status] [27136] triggerDefinition {\"httpsTrigger\":{},\"name\":\"api\",\"entryPoint\":\"api\"}"}}
[debug] [2020-10-07T08:40:10.164Z] [runtime-status] [27136] Running api in mode HTTPS {"metadata":{"emulator":{"name":"functions"},"function":{"name":"api"},"message":"[runtime-status] [27136] Running api in mode HTTPS"}}
[debug] [2020-10-07T08:40:10.164Z] [runtime-status] [27136] Attempting to listen to socketPath: \\?\pipe\D:\VS React\amazon-clone\functions\27136 {"metadata":{"emulator":{"name":"functions"},"function":{"name":"api"},"message":"[runtime-status] [27136] Attempting to listen to socketPath: \\\\?\\pipe\\D:\\VS React\\amazon-clone\\functions\\27136"}}
[debug] [2020-10-07T08:40:10.167Z] [functions] Runtime ready! Sending request! {"metadata":{"emulator":{"name":"functions"},"message":"[functions] Runtime ready! Sending request!"}}
[debug] [2020-10-07T08:40:10.169Z] [runtime-status] [27136] Ephemeral server handling POST request {"metadata":{"emulator":{"name":"functions"},"function":{"name":"api"},"message":"[runtime-status] [27136] Ephemeral server handling POST request"}}
[info] >  payment 0 {"user":"payment 0","metadata":{"emulator":{"name":"functions"},"function":{"name":"api"},"message":"\u001b[90m> \u001b[39m payment 0"}}
[debug] [2020-10-07T08:40:10.171Z] [runtime-status] [27136] Ephemeral server survived. {"metadata":{"emulator":{"name":"functions"},"function":{"name":"api"},"message":"[runtime-status] [27136] Ephemeral server survived."}}
[info] >  (node:27136) UnhandledPromiseRejectionWarning: Error: This value must be greater than or equal to 1. {"user":"(node:27136) UnhandledPromiseRejectionWarning: Error: This value must be greater than or equal to 1.","metadata":{"emulator":{"name":"functions"},"function":{"name":"api"},"message":"\u001b[90m> \u001b[39m (node:27136) UnhandledPromiseRejectionWarning: Error: This value must be greater than or equal to 1."}}
[info] >      at Function.generate (D:\VS React\amazon-clone\functions\node_modules\stripe\lib\Error.js:39:16) {"user":"    at Function.generate (D:\\VS React\\amazon-clone\\functions\\node_modules\\stripe\\lib\\Error.js:39:16)","metadata":{"emulator":{"name":"functions"},"function":{"name":"api"},"message":"\u001b[90m> \u001b[39m     at Function.generate (D:\\VS React\\amazon-clone\\functions\\node_modules\\stripe\\lib\\Error.js:39:16)"}}
[info] >      at IncomingMessage.<anonymous> (D:\VS React\amazon-clone\functions\node_modules\stripe\lib\StripeResource.js:190:33) {"user":"    at IncomingMessage.<anonymous> (D:\\VS React\\amazon-clone\\functions\\node_modules\\stripe\\lib\\StripeResource.js:190:33)","metadata":{"emulator":{"name":"functions"},"function":{"name":"api"},"message":"\u001b[90m> \u001b[39m     at IncomingMessage.<anonymous> (D:\\VS React\\amazon-clone\\functions\\node_modules\\stripe\\lib\\StripeResource.js:190:33)"}}
[info] >      at Object.onceWrapper (events.js:420:28) {"user":"    at Object.onceWrapper (events.js:420:28)","metadata":{"emulator":{"name":"functions"},"function":{"name":"api"},"message":"\u001b[90m> \u001b[39m     at Object.onceWrapper (events.js:420:28)"}}
[info] >      at IncomingMessage.emit (events.js:326:22) {"user":"    at IncomingMessage.emit (events.js:326:22)","metadata":{"emulator":{"name":"functions"},"function":{"name":"api"},"message":"\u001b[90m> \u001b[39m     at IncomingMessage.emit (events.js:326:22)"}}
[info] >      at endReadableNT (_stream_readable.js:1223:12) {"user":"    at endReadableNT (_stream_readable.js:1223:12)","metadata":{"emulator":{"name":"functions"},"function":{"name":"api"},"message":"\u001b[90m> \u001b[39m     at endReadableNT (_stream_readable.js:1223:12)"}}
[info] >      at processTicksAndRejections (internal/process/task_queues.js:84:21) {"user":"    at processTicksAndRejections (internal/process/task_queues.js:84:21)","metadata":{"emulator":{"name":"functions"},"function":{"name":"api"},"message":"\u001b[90m> \u001b[39m     at processTicksAndRejections (internal/process/task_queues.js:84:21)"}}
[info] >  (node:27136) UnhandledPromiseRejectionWarning: Unhandled promise rejection. This error originated either by throwing inside of an async function without a catch block, or by rejecting a promise which was not handled with .catch(). To terminate the node process on unhandled promise rejection, use the CLI flag `--unhandled-rejections=strict` (see https://nodejs.org/api/cli.html#cli_unhandled_rejections_mode). (rejection id: 1) {"user":"(node:27136) UnhandledPromiseRejectionWarning: Unhandled promise rejection. This error originated either by throwing inside of an async function without a catch block, or by rejecting a promise which was not handled with .catch(). To terminate the node process on unhandled promise rejection, use the CLI flag `--unhandled-rejections=strict` (see https://nodejs.org/api/cli.html#cli_unhandled_rejections_mode). (rejection id: 1)","metadata":{"emulator":{"name":"functions"},"function":{"name":"api"},"message":"\u001b[90m> \u001b[39m (node:27136) UnhandledPromiseRejectionWarning: Unhandled promise rejection. This error originated either by throwing inside of an async function without a catch block, or by rejecting a promise which was not handled with .catch(). To terminate the node process on unhandled promise rejection, use the CLI flag `--unhandled-rejections=strict` (see https://nodejs.org/api/cli.html#cli_unhandled_rejections_mode). (rejection id: 1)"}}
[info] >  (node:27136) [DEP0018] DeprecationWarning: Unhandled promise rejections are deprecated. In the future, promise rejections that are not handled will terminate the Node.js process with a non-zero exit code. {"user":"(node:27136) [DEP0018] DeprecationWarning: Unhandled promise rejections are deprecated. In the future, promise rejections that are not handled will terminate the Node.js process with a non-zero exit code.","metadata":{"emulator":{"name":"functions"},"function":{"name":"api"},"message":"\u001b[90m> \u001b[39m (node:27136) [DEP0018] DeprecationWarning: Unhandled promise rejections are deprecated. In the future, promise rejections that are not handled will terminate the Node.js process with a non-zero exit code."}}
[warn] !  functions: Your function timed out after ~60s. To configure this timeout, see
      https://firebase.google.com/docs/functions/manage-functions#set_timeout_and_memory_allocation. {"metadata":{"emulator":{"name":"functions"},"function":{"name":"api"},"message":"Your function timed out after ~60s. To configure this timeout, see\n      https://firebase.google.com/docs/functions/manage-functions#set_timeout_and_memory_allocation."}}
[info] >  C:\Users\Ibtid\AppData\Roaming\npm\node_modules\firebase-tools\lib\emulator\functionsEmulatorRuntime.js:642 {"user":"C:\\Users\\Ibtid\\AppData\\Roaming\\npm\\node_modules\\firebase-tools\\lib\\emulator\\functionsEmulatorRuntime.js:642\r","metadata":{"emulator":{"name":"functions"},"function":{"name":"api"},"message":"\u001b[90m> \u001b[39m C:\\Users\\Ibtid\\AppData\\Roaming\\npm\\node_modules\\firebase-tools\\lib\\emulator\\functionsEmulatorRuntime.js:642\r"}}
[info] >                  throw new Error("Function timed out."); {"user":"                throw new Error(\"Function timed out.\");\r","metadata":{"emulator":{"name":"functions"},"function":{"name":"api"},"message":"\u001b[90m> \u001b[39m                 throw new Error(\"Function timed out.\");\r"}}
[info] >                  ^ {"user":"                ^\r","metadata":{"emulator":{"name":"functions"},"function":{"name":"api"},"message":"\u001b[90m> \u001b[39m                 ^\r"}}
[info] >   {"user":"\r","metadata":{"emulator":{"name":"functions"},"function":{"name":"api"},"message":"\u001b[90m> \u001b[39m \r"}}
[info] >  Error: Function timed out. {"user":"Error: Function timed out.\r","metadata":{"emulator":{"name":"functions"},"function":{"name":"api"},"message":"\u001b[90m> \u001b[39m Error: Function timed out.\r"}}
[info] >      at Timeout._onTimeout (C:\Users\Ibtid\AppData\Roaming\npm\node_modules\firebase-tools\lib\emulator\functionsEmulatorRuntime.js:642:23) {"user":"    at Timeout._onTimeout (C:\\Users\\Ibtid\\AppData\\Roaming\\npm\\node_modules\\firebase-tools\\lib\\emulator\\functionsEmulatorRuntime.js:642:23)\r","metadata":{"emulator":{"name":"functions"},"function":{"name":"api"},"message":"\u001b[90m> \u001b[39m     at Timeout._onTimeout (C:\\Users\\Ibtid\\AppData\\Roaming\\npm\\node_modules\\firebase-tools\\lib\\emulator\\functionsEmulatorRuntime.js:642:23)\r"}}
[info] >      at listOnTimeout (internal/timers.js:554:17) {"user":"    at listOnTimeout (internal/timers.js:554:17)\r","metadata":{"emulator":{"name":"functions"},"function":{"name":"api"},"message":"\u001b[90m> \u001b[39m     at listOnTimeout (internal/timers.js:554:17)\r"}}
[info] >      at processTimers (internal/timers.js:497:7) {"user":"    at processTimers (internal/timers.js:497:7)\r","metadata":{"emulator":{"name":"functions"},"function":{"name":"api"},"message":"\u001b[90m> \u001b[39m     at processTimers (internal/timers.js:497:7)\r"}}
[debug] [2020-10-07T08:41:10.182Z] [worker-api-afd735da-f0c5-4a3a-a0ec-fcb4574caf26]: exited {"metadata":{"emulator":{"name":"functions"},"message":"[worker-api-afd735da-f0c5-4a3a-a0ec-fcb4574caf26]: exited"}}
[debug] [2020-10-07T08:41:10.182Z] [worker-api-afd735da-f0c5-4a3a-a0ec-fcb4574caf26]: FINISHED {"metadata":{"emulator":{"name":"functions"},"message":"[worker-api-afd735da-f0c5-4a3a-a0ec-fcb4574caf26]: FINISHED"}}
[debug] [2020-10-07T08:41:10.182Z] [work-queue] {"queueLength":0,"workRunningCount":0}
